<?xml version="1.0" encoding="UTF-8"?>
<!-- Generated by org.testng.reporters.JUnitXMLReporter -->
<testsuite ignored="1" hostname="IN01N02623" failures="0" tests="1" name="Default test" time="9.384" errors="0" timestamp="2021-07-05T13:19:58 IST">
  <testcase classname="automationMaven.MavenJAVA.HomePage" name="Live" time="4.323"/>
  <testcase classname="automationMaven.MavenJAVA.HomePage" name="Overview" time="0.0">
    <ignored/>
  </testcase> <!-- Overview -->
</testsuite> <!-- Default test -->
