<?xml version="1.0" encoding="UTF-8"?>
<testng-results ignored="1" total="2" passed="1" failed="0" skipped="0">
  <reporter-output>
  </reporter-output>
  <suite started-at="2021-07-05T13:19:49 IST" name="Default suite" finished-at="2021-07-05T13:19:58 IST" duration-ms="9384">
    <groups>
    </groups>
    <test started-at="2021-07-05T13:19:49 IST" name="Default test" finished-at="2021-07-05T13:19:58 IST" duration-ms="9384">
      <class name="automationMaven.MavenJAVA.HomePage">
        <test-method is-config="true" signature="initialize()[pri:0, instance:automationMaven.MavenJAVA.HomePage@4229bb3f]" started-at="2021-07-05T13:19:49 IST" name="initialize" finished-at="2021-07-05T13:19:54 IST" duration-ms="5018" status="PASS">
          <reporter-output>
          </reporter-output>
        </test-method> <!-- initialize -->
        <test-method signature="Live()[pri:0, instance:automationMaven.MavenJAVA.HomePage@4229bb3f]" started-at="2021-07-05T13:19:54 IST" name="Live" finished-at="2021-07-05T13:19:58 IST" duration-ms="4323" status="PASS">
          <reporter-output>
          </reporter-output>
        </test-method> <!-- Live -->
      </class> <!-- automationMaven.MavenJAVA.HomePage -->
    </test> <!-- Default test -->
  </suite> <!-- Default suite -->
</testng-results>
