<?xml version="1.0" encoding="UTF-8"?>
<!-- Generated by org.testng.reporters.JUnitXMLReporter -->
<testsuite ignored="0" hostname="IN01N02623" failures="0" tests="4" name="Test" time="0.091" errors="0" timestamp="2021-07-05T12:21:41 IST">
  <testcase classname="automationMaven.MavenJAVA.LoginPage" name="login" time="0.012"/>
  <testcase classname="automationMaven.MavenJAVA.LoginPage" name="login" time="0.002"/>
  <testcase classname="automationMaven.MavenJAVA.LoginPage" name="login" time="0.002"/>
  <testcase classname="automationMaven.MavenJAVA.LoginPage" name="login2" time="0.002"/>
</testsuite> <!-- Test -->
